<?xml version="1.0" encoding="UTF-8"?>
<!-- Generated by org.testng.reporters.JUnitReportReporter -->
<testsuite hostname="RLP1666" failures="0" tests="1" name="com.mms.test.SeleniumUpdate" time="4.203" errors="0" timestamp="2024-01-12T15:59:35 IST" skipped="0">
  <testcase classname="com.mms.test.SeleniumUpdate" name="updateOperationTest" time="4.203"/>
  <system-out/>
</testsuite> <!-- com.mms.test.SeleniumUpdate -->
