<?xml version="1.0" encoding="UTF-8"?>
<!-- Generated by org.testng.reporters.JUnitReportReporter -->
<testsuite hostname="RLP1666" failures="0" tests="1" name="com.mms.test.SeleniumDelete" time="4.019" errors="0" timestamp="2024-01-12T16:18:55 IST" skipped="0">
  <testcase classname="com.mms.test.SeleniumDelete" name="deleteOperationTest" time="4.019"/>
  <system-out/>
</testsuite> <!-- com.mms.test.SeleniumDelete -->
