<?xml version="1.0" encoding="UTF-8"?>
<!-- Generated by org.testng.reporters.JUnitReportReporter -->
<testsuite hostname="RLP1666" failures="0" tests="1" name="com.mms.test.SeleniumViewAll" time="3.710" errors="0" timestamp="2024-01-12T16:22:40 IST" skipped="0">
  <testcase classname="com.mms.test.SeleniumViewAll" name="viewAllOperationTest" time="3.710"/>
  <system-out/>
</testsuite> <!-- com.mms.test.SeleniumViewAll -->
