<?xml version="1.0" encoding="UTF-8"?>
<!-- Generated by org.testng.reporters.JUnitReportReporter -->
<testsuite hostname="RLP1666" failures="0" tests="1" name="com.mms.test.SeleniumInsert" time="4.930" errors="0" timestamp="2024-01-12T15:52:19 IST" skipped="0">
  <testcase classname="com.mms.test.SeleniumInsert" name="insertOperationTest" time="4.930"/>
  <system-out/>
</testsuite> <!-- com.mms.test.SeleniumInsert -->
